 - - [20/Nov/2021:14:23:08 +0000] "GET / HTTP/1.0" 200 2501 "-" "Mozilla/5.0 (Macintosh; Intel Mac OS X 10_15_7) AppleWebKit/537.36 (KHTML, like Gecko) Chrome/95.0.4638.69 Safari/537.36"
 - - [20/Nov/2021:14:23:15 +0000] "GET /register/ HTTP/1.0" 200 4039 "http://www.wudonmat.xyz/" "Mozilla/5.0 (Macintosh; Intel Mac OS X 10_15_7) AppleWebKit/537.36 (KHTML, like Gecko) Chrome/95.0.4638.69 Safari/537.36"
 - - [20/Nov/2021:14:23:18 +0000] "GET /login/ HTTP/1.0" 200 3222 "http://www.wudonmat.xyz/" "Mozilla/5.0 (Macintosh; Intel Mac OS X 10_15_7) AppleWebKit/537.36 (KHTML, like Gecko) Chrome/95.0.4638.69 Safari/537.36"
 - - [20/Nov/2021:14:24:38 +0000] "GET / HTTP/1.0" 200 2501 "-" "Slackbot-LinkExpanding 1.0 (+https://api.slack.com/robots)"
 - - [20/Nov/2021:14:27:31 +0000] "GET / HTTP/1.0" 200 2501 "-" "facebookexternalhit/1.1; kakaotalk-scrap/1.0; +https://devtalk.kakao.com/t/scrap/33984"
 - - [20/Nov/2021:14:27:33 +0000] "GET / HTTP/1.0" 200 2501 "-" "Mozilla/5.0 (Macintosh; Intel Mac OS X 10_15_7) AppleWebKit/537.36 (KHTML, like Gecko) Chrome/95.0.4638.69 Safari/537.36"
 - - [20/Nov/2021:14:27:35 +0000] "GET / HTTP/1.0" 200 2501 "-" "Mozilla/5.0 (Windows NT 10.0; Win64; x64) AppleWebKit/537.36 (KHTML, like Gecko) Chrome/96.0.4664.45 Safari/537.36"
 - - [20/Nov/2021:14:27:38 +0000] "GET /login/ HTTP/1.0" 200 3222 "http://www.wudonmat.xyz/" "Mozilla/5.0 (Windows NT 10.0; Win64; x64) AppleWebKit/537.36 (KHTML, like Gecko) Chrome/96.0.4664.45 Safari/537.36"
 - - [20/Nov/2021:14:27:42 +0000] "GET /register/ HTTP/1.0" 200 4039 "http://www.wudonmat.xyz/login/" "Mozilla/5.0 (Windows NT 10.0; Win64; x64) AppleWebKit/537.36 (KHTML, like Gecko) Chrome/96.0.4664.45 Safari/537.36"
 - - [20/Nov/2021:14:27:55 +0000] "GET / HTTP/1.0" 200 2501 "-" "Mozilla/5.0 (Linux; Android 10; Redmi Note 7 Pro Build/QKQ1.190915.002; wv) AppleWebKit/537.36 (KHTML, like Gecko) Version/4.0 Chrome/96.0.4664.45 Mobile Safari/537.36;KAKAOTALK 2309570"
 - - [20/Nov/2021:14:27:56 +0000] "POST /register/ HTTP/1.0" 200 4332 "http://www.wudonmat.xyz/register/" "Mozilla/5.0 (Windows NT 10.0; Win64; x64) AppleWebKit/537.36 (KHTML, like Gecko) Chrome/96.0.4664.45 Safari/537.36"
 - - [20/Nov/2021:14:28:10 +0000] "GET /login/ HTTP/1.0" 200 3222 "http://www.wudonmat.xyz/register/" "Mozilla/5.0 (Windows NT 10.0; Win64; x64) AppleWebKit/537.36 (KHTML, like Gecko) Chrome/96.0.4664.45 Safari/537.36"
 - - [20/Nov/2021:14:28:20 +0000] "GET /register/ HTTP/1.0" 200 4039 "http://www.wudonmat.xyz/login/" "Mozilla/5.0 (Windows NT 10.0; Win64; x64) AppleWebKit/537.36 (KHTML, like Gecko) Chrome/96.0.4664.45 Safari/537.36"
 - - [20/Nov/2021:14:28:32 +0000] "POST /register/ HTTP/1.0" 200 4330 "http://www.wudonmat.xyz/register/" "Mozilla/5.0 (Windows NT 10.0; Win64; x64) AppleWebKit/537.36 (KHTML, like Gecko) Chrome/96.0.4664.45 Safari/537.36"
 - - [20/Nov/2021:14:28:56 +0000] "GET / HTTP/1.0" 200 2501 "-" "Mozilla/5.0 (Windows NT 10.0; Win64; x64; rv:94.0) Gecko/20100101 Firefox/94.0"
 - - [20/Nov/2021:14:29:00 +0000] "GET /login/ HTTP/1.0" 200 3222 "http://www.wudonmat.xyz/" "Mozilla/5.0 (Windows NT 10.0; Win64; x64; rv:94.0) Gecko/20100101 Firefox/94.0"
 - - [20/Nov/2021:14:29:10 +0000] "POST /login/ HTTP/1.0" 200 3222 "http://www.wudonmat.xyz/login/" "Mozilla/5.0 (Windows NT 10.0; Win64; x64; rv:94.0) Gecko/20100101 Firefox/94.0"
 - - [20/Nov/2021:14:29:17 +0000] "POST /login/ HTTP/1.0" 200 3222 "http://www.wudonmat.xyz/login/" "Mozilla/5.0 (Windows NT 10.0; Win64; x64; rv:94.0) Gecko/20100101 Firefox/94.0"
 - - [20/Nov/2021:14:29:18 +0000] "GET /register/ HTTP/1.0" 200 4039 "http://www.wudonmat.xyz/login/" "Mozilla/5.0 (Windows NT 10.0; Win64; x64; rv:94.0) Gecko/20100101 Firefox/94.0"
 - - [20/Nov/2021:14:29:34 +0000] "POST /register/ HTTP/1.0" 302 0 "http://www.wudonmat.xyz/register/" "Mozilla/5.0 (Windows NT 10.0; Win64; x64; rv:94.0) Gecko/20100101 Firefox/94.0"
 - - [20/Nov/2021:14:29:34 +0000] "GET /login/ HTTP/1.0" 200 3662 "http://www.wudonmat.xyz/register/" "Mozilla/5.0 (Windows NT 10.0; Win64; x64; rv:94.0) Gecko/20100101 Firefox/94.0"
 - - [20/Nov/2021:14:29:43 +0000] "POST /login/ HTTP/1.0" 200 3222 "http://www.wudonmat.xyz/login/" "Mozilla/5.0 (Windows NT 10.0; Win64; x64; rv:94.0) Gecko/20100101 Firefox/94.0"
 - - [20/Nov/2021:14:29:50 +0000] "POST /login/ HTTP/1.0" 200 3222 "http://www.wudonmat.xyz/login/" "Mozilla/5.0 (Windows NT 10.0; Win64; x64; rv:94.0) Gecko/20100101 Firefox/94.0"
 - - [20/Nov/2021:14:29:59 +0000] "POST /login/ HTTP/1.0" 200 3222 "http://www.wudonmat.xyz/login/" "Mozilla/5.0 (Windows NT 10.0; Win64; x64; rv:94.0) Gecko/20100101 Firefox/94.0"
 - - [20/Nov/2021:14:30:06 +0000] "POST /login/ HTTP/1.0" 200 3222 "http://www.wudonmat.xyz/login/" "Mozilla/5.0 (Windows NT 10.0; Win64; x64; rv:94.0) Gecko/20100101 Firefox/94.0"
 - - [20/Nov/2021:14:30:13 +0000] "GET /register/ HTTP/1.0" 200 4039 "http://www.wudonmat.xyz/login/" "Mozilla/5.0 (Windows NT 10.0; Win64; x64) AppleWebKit/537.36 (KHTML, like Gecko) Chrome/96.0.4664.45 Safari/537.36"
 - - [20/Nov/2021:14:30:14 +0000] "GET /login/ HTTP/1.0" 200 3222 "http://www.wudonmat.xyz/register/" "Mozilla/5.0 (Windows NT 10.0; Win64; x64) AppleWebKit/537.36 (KHTML, like Gecko) Chrome/96.0.4664.45 Safari/537.36"
 - - [20/Nov/2021:14:30:16 +0000] "GET /login/ HTTP/1.0" 200 3222 "http://www.wudonmat.xyz/" "Mozilla/5.0 (Windows NT 10.0; Win64; x64) AppleWebKit/537.36 (KHTML, like Gecko) Chrome/96.0.4664.45 Safari/537.36"
 - - [20/Nov/2021:14:30:30 +0000] "GET /admin/ HTTP/1.0" 302 0 "-" "Mozilla/5.0 (Windows NT 10.0; Win64; x64) AppleWebKit/537.36 (KHTML, like Gecko) Chrome/96.0.4664.45 Safari/537.36"
 - - [20/Nov/2021:14:30:30 +0000] "GET /admin/login/?next=/admin/ HTTP/1.0" 200 2199 "-" "Mozilla/5.0 (Windows NT 10.0; Win64; x64) AppleWebKit/537.36 (KHTML, like Gecko) Chrome/96.0.4664.45 Safari/537.36"
 - - [20/Nov/2021:14:30:44 +0000] "POST /admin/login/?next=/admin/ HTTP/1.0" 200 2372 "http://www.wudonmat.xyz/admin/login/?next=/admin/" "Mozilla/5.0 (Windows NT 10.0; Win64; x64) AppleWebKit/537.36 (KHTML, like Gecko) Chrome/96.0.4664.45 Safari/537.36"
 - - [20/Nov/2021:14:30:52 +0000] "POST /admin/login/?next=/admin/ HTTP/1.0" 200 2372 "http://www.wudonmat.xyz/admin/login/?next=/admin/" "Mozilla/5.0 (Windows NT 10.0; Win64; x64) AppleWebKit/537.36 (KHTML, like Gecko) Chrome/96.0.4664.45 Safari/537.36"
 - - [20/Nov/2021:14:31:00 +0000] "GET /admin/ HTTP/1.0" 302 0 "http://www.wudonmat.xyz/admin/login/?next=/admin/" "Mozilla/5.0 (Windows NT 10.0; Win64; x64) AppleWebKit/537.36 (KHTML, like Gecko) Chrome/96.0.4664.45 Safari/537.36"
 - - [20/Nov/2021:14:31:00 +0000] "GET /admin/login/?next=/admin/ HTTP/1.0" 200 2199 "http://www.wudonmat.xyz/admin/login/?next=/admin/" "Mozilla/5.0 (Windows NT 10.0; Win64; x64) AppleWebKit/537.36 (KHTML, like Gecko) Chrome/96.0.4664.45 Safari/537.36"
 - - [20/Nov/2021:14:37:10 +0000] "POST /login/ HTTP/1.0" 200 3222 "http://www.wudonmat.xyz/login/" "Mozilla/5.0 (Windows NT 10.0; Win64; x64; rv:94.0) Gecko/20100101 Firefox/94.0"
 - - [20/Nov/2021:14:37:16 +0000] "POST /login/ HTTP/1.0" 200 3222 "http://www.wudonmat.xyz/login/" "Mozilla/5.0 (Windows NT 10.0; Win64; x64; rv:94.0) Gecko/20100101 Firefox/94.0"
 - - [20/Nov/2021:14:37:27 +0000] "POST /login/ HTTP/1.0" 200 3222 "http://www.wudonmat.xyz/login/" "Mozilla/5.0 (Windows NT 10.0; Win64; x64; rv:94.0) Gecko/20100101 Firefox/94.0"
 - - [20/Nov/2021:14:37:31 +0000] "GET /login/ HTTP/1.0" 200 3222 "-" "Mozilla/5.0 (Macintosh; Intel Mac OS X 10_15_7) AppleWebKit/537.36 (KHTML, like Gecko) Chrome/95.0.4638.69 Safari/537.36"
 - - [20/Nov/2021:14:37:34 +0000] "GET /login/ HTTP/1.0" 200 3222 "-" "Mozilla/5.0 (Macintosh; Intel Mac OS X 10_15_7) AppleWebKit/537.36 (KHTML, like Gecko) Chrome/95.0.4638.69 Safari/537.36"
 - - [20/Nov/2021:14:37:39 +0000] "GET / HTTP/1.0" 200 2501 "-" "Mozilla/5.0 (Macintosh; Intel Mac OS X 10_15_7) AppleWebKit/537.36 (KHTML, like Gecko) Chrome/95.0.4638.69 Safari/537.36"
 - - [20/Nov/2021:14:37:40 +0000] "GET / HTTP/1.0" 200 2501 "-" "Mozilla/5.0 (Windows NT 10.0; Win64; x64; rv:94.0) Gecko/20100101 Firefox/94.0"
 - - [20/Nov/2021:14:37:40 +0000] "GET / HTTP/1.0" 200 2501 "-" "Mozilla/5.0 (Macintosh; Intel Mac OS X 10_15_7) AppleWebKit/537.36 (KHTML, like Gecko) Chrome/95.0.4638.69 Safari/537.36"
 - - [20/Nov/2021:14:37:42 +0000] "GET /login/ HTTP/1.0" 200 3222 "http://www.wudonmat.xyz/" "Mozilla/5.0 (Windows NT 10.0; Win64; x64; rv:94.0) Gecko/20100101 Firefox/94.0"
 - - [20/Nov/2021:14:37:43 +0000] "GET /login/ HTTP/1.0" 200 3222 "http://www.wudonmat.xyz/" "Mozilla/5.0 (Macintosh; Intel Mac OS X 10_15_7) AppleWebKit/537.36 (KHTML, like Gecko) Chrome/95.0.4638.69 Safari/537.36"
 - - [20/Nov/2021:14:37:45 +0000] "GET / HTTP/1.0" 200 2501 "-" "Mozilla/5.0 (Macintosh; Intel Mac OS X 10_15_7) AppleWebKit/537.36 (KHTML, like Gecko) Chrome/95.0.4638.69 Safari/537.36"
 - - [20/Nov/2021:14:37:46 +0000] "GET / HTTP/1.0" 200 2501 "-" "Mozilla/5.0 (Macintosh; Intel Mac OS X 10_15_7) AppleWebKit/537.36 (KHTML, like Gecko) Chrome/95.0.4638.69 Safari/537.36"
 - - [20/Nov/2021:14:37:47 +0000] "GET /register/ HTTP/1.0" 200 4039 "http://www.wudonmat.xyz/" "Mozilla/5.0 (Macintosh; Intel Mac OS X 10_15_7) AppleWebKit/537.36 (KHTML, like Gecko) Chrome/95.0.4638.69 Safari/537.36"
 - - [20/Nov/2021:14:37:49 +0000] "GET /login/ HTTP/1.0" 200 3222 "http://www.wudonmat.xyz/" "Mozilla/5.0 (Macintosh; Intel Mac OS X 10_15_7) AppleWebKit/537.36 (KHTML, like Gecko) Chrome/95.0.4638.69 Safari/537.36"
 - - [20/Nov/2021:14:37:51 +0000] "GET /login/ HTTP/1.0" 200 3222 "-" "Mozilla/5.0 (Windows NT 10.0; Win64; x64) AppleWebKit/537.36 (KHTML, like Gecko) Chrome/96.0.4664.45 Safari/537.36"
 - - [20/Nov/2021:14:37:58 +0000] "POST /login/ HTTP/1.0" 200 3222 "http://www.wudonmat.xyz/login/" "Mozilla/5.0 (Macintosh; Intel Mac OS X 10_15_7) AppleWebKit/537.36 (KHTML, like Gecko) Chrome/95.0.4638.69 Safari/537.36"
 - - [20/Nov/2021:14:38:00 +0000] "POST /login/ HTTP/1.0" 200 3222 "http://www.wudonmat.xyz/login/" "Mozilla/5.0 (Windows NT 10.0; Win64; x64) AppleWebKit/537.36 (KHTML, like Gecko) Chrome/96.0.4664.45 Safari/537.36"
 - - [20/Nov/2021:14:38:04 +0000] "POST /login/ HTTP/1.0" 200 3222 "http://www.wudonmat.xyz/login/" "Mozilla/5.0 (Macintosh; Intel Mac OS X 10_15_7) AppleWebKit/537.36 (KHTML, like Gecko) Chrome/95.0.4638.69 Safari/537.36"
 - - [20/Nov/2021:14:38:08 +0000] "POST /login/ HTTP/1.0" 200 3222 "http://www.wudonmat.xyz/login/" "Mozilla/5.0 (Windows NT 10.0; Win64; x64) AppleWebKit/537.36 (KHTML, like Gecko) Chrome/96.0.4664.45 Safari/537.36"
 - - [20/Nov/2021:14:38:11 +0000] "POST /login/ HTTP/1.0" 200 3222 "http://www.wudonmat.xyz/login/" "Mozilla/5.0 (Macintosh; Intel Mac OS X 10_15_7) AppleWebKit/537.36 (KHTML, like Gecko) Chrome/95.0.4638.69 Safari/537.36"
 - - [20/Nov/2021:14:38:13 +0000] "GET /register/ HTTP/1.0" 200 4039 "http://www.wudonmat.xyz/login/" "Mozilla/5.0 (Macintosh; Intel Mac OS X 10_15_7) AppleWebKit/537.36 (KHTML, like Gecko) Chrome/95.0.4638.69 Safari/537.36"
 - - [20/Nov/2021:14:38:20 +0000] "POST /login/ HTTP/1.0" 200 3222 "http://www.wudonmat.xyz/login/" "Mozilla/5.0 (Windows NT 10.0; Win64; x64; rv:94.0) Gecko/20100101 Firefox/94.0"
 - - [20/Nov/2021:14:38:21 +0000] "GET /register/ HTTP/1.0" 200 4039 "http://www.wudonmat.xyz/login/" "Mozilla/5.0 (Windows NT 10.0; Win64; x64; rv:94.0) Gecko/20100101 Firefox/94.0"
 - - [20/Nov/2021:14:38:29 +0000] "POST /register/ HTTP/1.0" 302 0 "http://www.wudonmat.xyz/register/" "Mozilla/5.0 (Macintosh; Intel Mac OS X 10_15_7) AppleWebKit/537.36 (KHTML, like Gecko) Chrome/95.0.4638.69 Safari/537.36"
 - - [20/Nov/2021:14:38:29 +0000] "GET /login/ HTTP/1.0" 200 3662 "http://www.wudonmat.xyz/register/" "Mozilla/5.0 (Macintosh; Intel Mac OS X 10_15_7) AppleWebKit/537.36 (KHTML, like Gecko) Chrome/95.0.4638.69 Safari/537.36"
 - - [20/Nov/2021:14:38:39 +0000] "POST /login/ HTTP/1.0" 302 0 "http://www.wudonmat.xyz/login/" "Mozilla/5.0 (Macintosh; Intel Mac OS X 10_15_7) AppleWebKit/537.36 (KHTML, like Gecko) Chrome/95.0.4638.69 Safari/537.36"
 - - [20/Nov/2021:14:38:39 +0000] "GET /profile/ HTTP/1.0" 200 6322 "http://www.wudonmat.xyz/login/" "Mozilla/5.0 (Macintosh; Intel Mac OS X 10_15_7) AppleWebKit/537.36 (KHTML, like Gecko) Chrome/95.0.4638.69 Safari/537.36"
 - - [20/Nov/2021:14:38:42 +0000] "GET /friends/ HTTP/1.0" 200 7004 "http://www.wudonmat.xyz/profile/" "Mozilla/5.0 (Macintosh; Intel Mac OS X 10_15_7) AppleWebKit/537.36 (KHTML, like Gecko) Chrome/95.0.4638.69 Safari/537.36"
 - - [20/Nov/2021:14:38:43 +0000] "GET /conversations/ HTTP/1.0" 200 4929 "http://www.wudonmat.xyz/friends/" "Mozilla/5.0 (Macintosh; Intel Mac OS X 10_15_7) AppleWebKit/537.36 (KHTML, like Gecko) Chrome/95.0.4638.69 Safari/537.36"
 - - [20/Nov/2021:14:38:44 +0000] "GET /profile/ HTTP/1.0" 200 6322 "http://www.wudonmat.xyz/conversations/" "Mozilla/5.0 (Macintosh; Intel Mac OS X 10_15_7) AppleWebKit/537.36 (KHTML, like Gecko) Chrome/95.0.4638.69 Safari/537.36"
 - - [20/Nov/2021:14:39:39 +0000] "GET /login/ HTTP/1.0" 200 3222 "http://www.wudonmat.xyz/register/" "Mozilla/5.0 (Windows NT 10.0; Win64; x64; rv:94.0) Gecko/20100101 Firefox/94.0"
 - - [20/Nov/2021:14:39:47 +0000] "POST /login/ HTTP/1.0" 200 3222 "http://www.wudonmat.xyz/login/" "Mozilla/5.0 (Windows NT 10.0; Win64; x64; rv:94.0) Gecko/20100101 Firefox/94.0"
 - - [20/Nov/2021:14:39:54 +0000] "POST /login/ HTTP/1.0" 302 0 "http://www.wudonmat.xyz/login/" "Mozilla/5.0 (Windows NT 10.0; Win64; x64; rv:94.0) Gecko/20100101 Firefox/94.0"
 - - [20/Nov/2021:14:39:54 +0000] "GET /profile/ HTTP/1.0" 200 6321 "http://www.wudonmat.xyz/login/" "Mozilla/5.0 (Windows NT 10.0; Win64; x64; rv:94.0) Gecko/20100101 Firefox/94.0"
 - - [20/Nov/2021:14:40:09 +0000] "GET /blog/post-create/ HTTP/1.0" 200 632 "http://www.wudonmat.xyz/profile/" "Mozilla/5.0 (Windows NT 10.0; Win64; x64; rv:94.0) Gecko/20100101 Firefox/94.0"
 - - [20/Nov/2021:14:40:12 +0000] "GET /profile/ HTTP/1.0" 200 6321 "http://www.wudonmat.xyz/profile/" "Mozilla/5.0 (Windows NT 10.0; Win64; x64; rv:94.0) Gecko/20100101 Firefox/94.0"
 - - [20/Nov/2021:14:40:13 +0000] "GET /logout/ HTTP/1.0" 200 2253 "http://www.wudonmat.xyz/profile/" "Mozilla/5.0 (Windows NT 10.0; Win64; x64; rv:94.0) Gecko/20100101 Firefox/94.0"
 - - [20/Nov/2021:14:40:15 +0000] "GET /login/ HTTP/1.0" 200 3222 "http://www.wudonmat.xyz/logout/" "Mozilla/5.0 (Windows NT 10.0; Win64; x64; rv:94.0) Gecko/20100101 Firefox/94.0"
 - - [20/Nov/2021:14:40:16 +0000] "GET /register/ HTTP/1.0" 200 4039 "http://www.wudonmat.xyz/login/" "Mozilla/5.0 (Windows NT 10.0; Win64; x64; rv:94.0) Gecko/20100101 Firefox/94.0"
 - - [20/Nov/2021:14:40:29 +0000] "GET /profile/ HTTP/1.0" 200 6322 "http://www.wudonmat.xyz/conversations/" "Mozilla/5.0 (Macintosh; Intel Mac OS X 10_15_7) AppleWebKit/537.36 (KHTML, like Gecko) Chrome/95.0.4638.69 Safari/537.36"
 - - [20/Nov/2021:14:40:30 +0000] "GET /logout/ HTTP/1.0" 200 2253 "http://www.wudonmat.xyz/profile/" "Mozilla/5.0 (Macintosh; Intel Mac OS X 10_15_7) AppleWebKit/537.36 (KHTML, like Gecko) Chrome/95.0.4638.69 Safari/537.36"
 - - [20/Nov/2021:14:40:32 +0000] "GET /login/ HTTP/1.0" 200 3222 "http://www.wudonmat.xyz/logout/" "Mozilla/5.0 (Macintosh; Intel Mac OS X 10_15_7) AppleWebKit/537.36 (KHTML, like Gecko) Chrome/95.0.4638.69 Safari/537.36"
 - - [20/Nov/2021:14:40:37 +0000] "POST /login/ HTTP/1.0" 200 3222 "http://www.wudonmat.xyz/login/" "Mozilla/5.0 (Macintosh; Intel Mac OS X 10_15_7) AppleWebKit/537.36 (KHTML, like Gecko) Chrome/95.0.4638.69 Safari/537.36"
 - - [20/Nov/2021:14:40:37 +0000] "POST /login/ HTTP/1.0" 200 3222 "http://www.wudonmat.xyz/login/" "Mozilla/5.0 (Macintosh; Intel Mac OS X 10_15_7) AppleWebKit/537.36 (KHTML, like Gecko) Chrome/95.0.4638.69 Safari/537.36"
 - - [20/Nov/2021:14:40:39 +0000] "GET /register/ HTTP/1.0" 200 4039 "http://www.wudonmat.xyz/login/" "Mozilla/5.0 (Macintosh; Intel Mac OS X 10_15_7) AppleWebKit/537.36 (KHTML, like Gecko) Chrome/95.0.4638.69 Safari/537.36"
 - - [20/Nov/2021:14:41:03 +0000] "GET /register/ HTTP/1.0" 200 4039 "http://www.wudonmat.xyz/login/" "Mozilla/5.0 (Windows NT 10.0; Win64; x64; rv:94.0) Gecko/20100101 Firefox/94.0"
 - - [20/Nov/2021:14:41:07 +0000] "GET /login/ HTTP/1.0" 200 3222 "http://www.wudonmat.xyz/logout/" "Mozilla/5.0 (Windows NT 10.0; Win64; x64; rv:94.0) Gecko/20100101 Firefox/94.0"
 - - [20/Nov/2021:14:41:08 +0000] "GET /register/ HTTP/1.0" 200 4039 "http://www.wudonmat.xyz/login/" "Mozilla/5.0 (Windows NT 10.0; Win64; x64; rv:94.0) Gecko/20100101 Firefox/94.0"
 - - [20/Nov/2021:15:41:31 +0000] "GET /login/ HTTP/1.0" 200 3222 "http://www.wudonmat.xyz/logout/" "Mozilla/5.0 (Macintosh; Intel Mac OS X 10_15_7) AppleWebKit/537.36 (KHTML, like Gecko) Chrome/95.0.4638.69 Safari/537.36"
 - - [20/Nov/2021:15:41:31 +0000] "GET /login/ HTTP/1.0" 200 3222 "https://www.google.com/" "Mozilla/5.0 (Macintosh; Intel Mac OS X 10_15_7) AppleWebKit/537.36 (KHTML, like Gecko) Chrome/94.0.4606.71 Safari/537.36"
 - - [20/Nov/2021:15:41:40 +0000] "POST /login/ HTTP/1.0" 200 3222 "http://www.wudonmat.xyz/login/" "Mozilla/5.0 (Macintosh; Intel Mac OS X 10_15_7) AppleWebKit/537.36 (KHTML, like Gecko) Chrome/95.0.4638.69 Safari/537.36"
 - - [20/Nov/2021:15:41:44 +0000] "POST /login/ HTTP/1.0" 200 3222 "http://www.wudonmat.xyz/login/" "Mozilla/5.0 (Macintosh; Intel Mac OS X 10_15_7) AppleWebKit/537.36 (KHTML, like Gecko) Chrome/95.0.4638.69 Safari/537.36"
 - - [20/Nov/2021:15:41:49 +0000] "POST /login/ HTTP/1.0" 200 3222 "http://www.wudonmat.xyz/login/" "Mozilla/5.0 (Macintosh; Intel Mac OS X 10_15_7) AppleWebKit/537.36 (KHTML, like Gecko) Chrome/95.0.4638.69 Safari/537.36"
 - - [20/Nov/2021:15:41:53 +0000] "POST /login/ HTTP/1.0" 200 3222 "http://www.wudonmat.xyz/login/" "Mozilla/5.0 (Macintosh; Intel Mac OS X 10_15_7) AppleWebKit/537.36 (KHTML, like Gecko) Chrome/95.0.4638.69 Safari/537.36"
 - - [20/Nov/2021:15:42:00 +0000] "POST /login/ HTTP/1.0" 200 3222 "http://www.wudonmat.xyz/login/" "Mozilla/5.0 (Macintosh; Intel Mac OS X 10_15_7) AppleWebKit/537.36 (KHTML, like Gecko) Chrome/95.0.4638.69 Safari/537.36"
 - - [20/Nov/2021:15:42:05 +0000] "POST /login/ HTTP/1.0" 302 0 "http://www.wudonmat.xyz/login/" "Mozilla/5.0 (Macintosh; Intel Mac OS X 10_15_7) AppleWebKit/537.36 (KHTML, like Gecko) Chrome/95.0.4638.69 Safari/537.36"
 - - [20/Nov/2021:15:42:05 +0000] "GET /profile/ HTTP/1.0" 200 6322 "http://www.wudonmat.xyz/login/" "Mozilla/5.0 (Macintosh; Intel Mac OS X 10_15_7) AppleWebKit/537.36 (KHTML, like Gecko) Chrome/95.0.4638.69 Safari/537.36"
 - - [20/Nov/2021:15:42:08 +0000] "GET /conversations/ HTTP/1.0" 200 4929 "http://www.wudonmat.xyz/profile/" "Mozilla/5.0 (Macintosh; Intel Mac OS X 10_15_7) AppleWebKit/537.36 (KHTML, like Gecko) Chrome/95.0.4638.69 Safari/537.36"
 - - [20/Nov/2021:15:42:09 +0000] "GET /friends/ HTTP/1.0" 200 7004 "http://www.wudonmat.xyz/conversations/" "Mozilla/5.0 (Macintosh; Intel Mac OS X 10_15_7) AppleWebKit/537.36 (KHTML, like Gecko) Chrome/95.0.4638.69 Safari/537.36"
 - - [20/Nov/2021:15:42:10 +0000] "GET /conversations/ HTTP/1.0" 200 4929 "http://www.wudonmat.xyz/friends/" "Mozilla/5.0 (Macintosh; Intel Mac OS X 10_15_7) AppleWebKit/537.36 (KHTML, like Gecko) Chrome/95.0.4638.69 Safari/537.36"
 - - [20/Nov/2021:15:42:12 +0000] "GET /friends/ HTTP/1.0" 200 7004 "http://www.wudonmat.xyz/conversations/" "Mozilla/5.0 (Macintosh; Intel Mac OS X 10_15_7) AppleWebKit/537.36 (KHTML, like Gecko) Chrome/95.0.4638.69 Safari/537.36"
 - - [20/Nov/2021:15:42:23 +0000] "GET /conversations/ HTTP/1.0" 200 4929 "http://www.wudonmat.xyz/friends/" "Mozilla/5.0 (Macintosh; Intel Mac OS X 10_15_7) AppleWebKit/537.36 (KHTML, like Gecko) Chrome/95.0.4638.69 Safari/537.36"
 - - [20/Nov/2021:15:42:39 +0000] "GET /friends/ HTTP/1.0" 200 7004 "http://www.wudonmat.xyz/conversations/" "Mozilla/5.0 (Linux; Android 6.0; Nexus 5 Build/MRA58N) AppleWebKit/537.36 (KHTML, like Gecko) Chrome/95.0.4638.69 Mobile Safari/537.36"
 - - [20/Nov/2021:15:42:40 +0000] "GET /conversations/ HTTP/1.0" 200 4929 "http://www.wudonmat.xyz/friends/" "Mozilla/5.0 (Linux; Android 6.0; Nexus 5 Build/MRA58N) AppleWebKit/537.36 (KHTML, like Gecko) Chrome/95.0.4638.69 Mobile Safari/537.36"
 - - [20/Nov/2021:15:43:00 +0000] "GET /friends/ HTTP/1.0" 200 7004 "http://www.wudonmat.xyz/conversations/" "Mozilla/5.0 (Linux; Android 6.0; Nexus 5 Build/MRA58N) AppleWebKit/537.36 (KHTML, like Gecko) Chrome/95.0.4638.69 Mobile Safari/537.36"
 - - [20/Nov/2021:18:16:27 +0000] "GET / HTTP/1.0" 200 2501 "-" "Mozilla/5.0 (Windows NT 10.0; Win64; x64) AppleWebKit/537.36 (KHTML, like Gecko) Chrome/60.0.3112.113 Safari/537.36"
 - - [20/Nov/2021:23:53:37 +0000] "GET / HTTP/1.0" 200 2501 "-" "Mozilla/5.0 (Windows NT 10.0; Win64; x64; rv:89.0) Gecko/20100101 Firefox/89.0"
 - - [21/Nov/2021:02:46:48 +0000] "GET / HTTP/1.0" 200 2501 "-" "facebookexternalhit/1.1; kakaotalk-scrap/1.0; +https://devtalk.kakao.com/t/scrap/33984"
 - - [21/Nov/2021:14:17:57 +0000] "GET / HTTP/1.0" 200 2501 "-" "Mozilla/5.0 (iPhone; CPU iPhone OS 15_1 like Mac OS X) AppleWebKit/605.1.15 (KHTML, like Gecko) Version/15.1 Mobile/15E148 Safari/604.1"
 - - [21/Nov/2021:14:18:03 +0000] "GET /register/ HTTP/1.0" 200 4039 "http://www.wudonmat.xyz/" "Mozilla/5.0 (iPhone; CPU iPhone OS 15_1 like Mac OS X) AppleWebKit/605.1.15 (KHTML, like Gecko) Version/15.1 Mobile/15E148 Safari/604.1"
 - - [21/Nov/2021:14:18:05 +0000] "GET /login/ HTTP/1.0" 200 3222 "http://www.wudonmat.xyz/" "Mozilla/5.0 (iPhone; CPU iPhone OS 15_1 like Mac OS X) AppleWebKit/605.1.15 (KHTML, like Gecko) Version/15.1 Mobile/15E148 Safari/604.1"
 - - [21/Nov/2021:14:18:10 +0000] "GET /register/ HTTP/1.0" 200 4039 "http://www.wudonmat.xyz/" "Mozilla/5.0 (iPhone; CPU iPhone OS 15_1 like Mac OS X) AppleWebKit/605.1.15 (KHTML, like Gecko) Version/15.1 Mobile/15E148 Safari/604.1"
 - - [21/Nov/2021:14:43:50 +0000] "GET / HTTP/1.0" 200 2501 "-" "Mozilla/5.0 (iPhone; CPU iPhone OS 15_1 like Mac OS X) AppleWebKit/605.1.15 (KHTML, like Gecko) Version/15.1 Mobile/15E148 Safari/604.1"
 - - [21/Nov/2021:18:29:49 +0000] "GET / HTTP/1.0" 200 2501 "http://baidu.com/" "Mozilla/5.0 (Linux; U; Android 8.1.0; zh-CN; EML-AL00 Build/HUAWEIEML-AL00) AppleWebKit/537.36 (KHTML, like Gecko) Version/4.0 Chrome/57.0.2987.108 baidu.sogo.uc.UCBrowser/11.9.4.974 UWS/2.13.1.48 Mobile Safari/537.36 AliApp(DingTalk/4.5.11) com.alibaba.android.rimet/10487439 Channel/227200 language/zh-CN"
 - - [21/Nov/2021:18:30:16 +0000] "GET / HTTP/1.0" 200 2501 "http://baidu.com/" "Mozilla/5.0 (Linux; U; Android 8.1.0; zh-CN; EML-AL00 Build/HUAWEIEML-AL00) AppleWebKit/537.36 (KHTML, like Gecko) Version/4.0 Chrome/57.0.2987.108 baidu.sogo.uc.UCBrowser/11.9.4.974 UWS/2.13.1.48 Mobile Safari/537.36 AliApp(DingTalk/4.5.11) com.alibaba.android.rimet/10487439 Channel/227200 language/zh-CN"
 - - [21/Nov/2021:19:12:04 +0000] "GET / HTTP/1.0" 200 2501 "-" "Mozilla/5.0 (Windows NT 6.1; WOW64) AppleWebKit/537.36 (KHTML, like Gecko) Chrome/45.0.2454.101 Safari/537.36"
 - - [21/Nov/2021:20:39:16 +0000] "GET /robots.txt HTTP/1.0" 404 5217 "-" "Mozilla/5.0 (compatible; AhrefsBot/7.0; +http://ahrefs.com/robot/)"
 - - [21/Nov/2021:20:39:17 +0000] "GET / HTTP/1.0" 200 2501 "-" "Mozilla/5.0 (compatible; AhrefsBot/7.0; +http://ahrefs.com/robot/)"
 - - [22/Nov/2021:00:14:34 +0000] "GET /robots.txt HTTP/1.0" 404 5217 "-" "Mozilla/5.0 (compatible; Googlebot/2.1; +http://www.google.com/bot.html)"
 - - [22/Nov/2021:00:14:34 +0000] "GET / HTTP/1.0" 200 2501 "-" "Mozilla/5.0 (Linux; Android 6.0.1; Nexus 5X Build/MMB29P) AppleWebKit/537.36 (KHTML, like Gecko) Chrome/96.0.4664.45 Mobile Safari/537.36 (compatible; Googlebot/2.1; +http://www.google.com/bot.html)"
 - - [22/Nov/2021:00:58:23 +0000] "GET / HTTP/1.0" 200 2507 "-" "Mozilla/5.0 (Macintosh; Intel Mac OS X 10_15_7) AppleWebKit/537.36 (KHTML, like Gecko) Chrome/95.0.4638.69 Safari/537.36"
 - - [22/Nov/2021:00:58:30 +0000] "GET / HTTP/1.0" 200 2507 "-" "Mozilla/5.0 (Macintosh; Intel Mac OS X 10_15_7) AppleWebKit/537.36 (KHTML, like Gecko) Chrome/95.0.4638.69 Safari/537.36"
 - - [22/Nov/2021:01:00:41 +0000] "GET / HTTP/1.0" 200 2501 "-" "Mozilla/5.0 (Macintosh; Intel Mac OS X 10_15_7) AppleWebKit/537.36 (KHTML, like Gecko) Chrome/95.0.4638.69 Safari/537.36"
